<?xml version="1.0" encoding="UTF-8"?>
<!-- Generated by org.testng.reporters.JUnitReportReporter -->
<testsuite hostname="Wolfden" failures="0" tests="1" name="testRunners.ChromeTestRunner" time="10.809" errors="0" timestamp="2024-04-27T12:44:40 IST" skipped="0">
  <testcase classname="testRunners.ChromeTestRunner" name="runScenario" time="10.809"/>
  <system-out/>
</testsuite> <!-- testRunners.ChromeTestRunner -->
